09-16 13:24:07.978  1952  1952 I NOID_SA_2: Event TYPE_VIEW_ACCESSIBILITY_FOCUSED
09-16 13:24:22.295  1952  1952 I NOID_SA_2:   CW: 0 WidgetInfo  CD: Navigate up  CL: android.widget.ImageButton  xpath: /android.widget.FrameLayout/android.widget.LinearLayout/android.widget.FrameLayout/android.support.v4.widget.DrawerLayout/android.widget.LinearLayout/android.view.ViewGroup/android.widget.ImageButton LC: 0 RC: 3
09-16 13:24:22.296  1952  1952 I NOID_SA_2:   CW: 1 WidgetInfo  TX: TalkBack  CL: android.widget.TextView  xpath: /android.widget.FrameLayout/android.widget.LinearLayout/android.widget.FrameLayout/android.support.v4.widget.DrawerLayout/android.widget.LinearLayout/android.view.ViewGroup/android.widget.TextView LC: 1 RC: 3
09-16 13:24:22.296  1952  1952 I NOID_SA_2:   CW: 2 WidgetInfo  ID: com.android.settings:id/switch_text  TX: Off  CL: android.widget.TextView  xpath: /android.widget.FrameLayout/android.widget.LinearLayout/android.widget.FrameLayout/android.support.v4.widget.DrawerLayout/android.widget.LinearLayout/android.widget.FrameLayout/android.widget.LinearLayout/android.widget.LinearLayout/android.widget.Switch/android.widget.TextView LC: 2 RC: 3
09-16 13:24:22.296  1952  1952 I NOID_SA_2:   CW: 3 WidgetInfo  ID: com.android.settings:id/switch_widget  TX: OFF  CL: android.widget.Switch  xpath: /android.widget.FrameLayout/android.widget.LinearLayout/android.widget.FrameLayout/android.support.v4.widget.DrawerLayout/android.widget.LinearLayout/android.widget.FrameLayout/android.widget.LinearLayout/android.widget.LinearLayout/android.widget.Switch/android.widget.Switch LC: 3 RC: 3
09-16 13:24:22.297  1952  1952 I NOID_SA_2:   CW: 4 WidgetInfo  ID: android:id/title  TX: Settings  CL: android.widget.TextView  xpath: /android.widget.FrameLayout/android.widget.LinearLayout/android.widget.FrameLayout/android.support.v4.widget.DrawerLayout/android.widget.LinearLayout/android.widget.FrameLayout/android.widget.LinearLayout/android.widget.LinearLayout/android.widget.FrameLayout/android.widget.LinearLayout/android.widget.FrameLayout/android.support.v7.widget.RecyclerView/android.widget.LinearLayout[1]/android.widget.RelativeLayout/android.widget.TextView LC: 3 RC: 2
09-16 13:24:22.297  1952  1952 I NOID_SA_2:   CW: 5 WidgetInfo  ID: android:id/icon  CL: android.widget.ImageView  xpath: /android.widget.FrameLayout/android.widget.LinearLayout/android.widget.FrameLayout/android.support.v4.widget.DrawerLayout/android.widget.LinearLayout/android.widget.FrameLayout/android.widget.LinearLayout/android.widget.LinearLayout/android.widget.FrameLayout/android.widget.LinearLayout/android.widget.FrameLayout/android.support.v7.widget.RecyclerView/android.widget.LinearLayout[2]/android.widget.LinearLayout/android.widget.ImageView LC: 3 RC: 1
09-16 13:24:22.297  1952  1952 I NOID_SA_2:   CW: 6 WidgetInfo  ID: android:id/title  TX: When TalkBack is on, it provides spoken feedback so that you can use your device without looking at the screen. This can be helpful for people who are blind or have low vision.
09-16 13:24:22.297  1952  1952 I NOID_SA_2: 
09-16 13:24:22.297  1952  1952 I NOID_SA_2: To navigate using TalkBack:
09-16 13:24:22.297  1952  1952 I NOID_SA_2: • Swipe right or left to move between items
09-16 13:24:22.297  1952  1952 I NOID_SA_2: • Double-tap to activate an item
09-16 13:24:22.297  1952  1952 I NOID_SA_2: • Drag two fingers to scroll
09-16 13:24:22.297  1952  1952 I NOID_SA_2: 
09-16 13:24:22.297  1952  1952 I NOID_SA_2: To turn off TalkBack:
09-16 13:24:22.297  1952  1952 I NOID_SA_2: • Tap the switch. You’ll see a green outline. Double-tap the switch.
09-16 13:24:22.297  1952  1952 I NOID_SA_2: • On the confirmation message, tap OK. Then double-tap OK.  CL: android.widget.TextView  xpath: /android.widget.FrameLayout/android.widget.LinearLayout/android.widget.FrameLayout/android.support.v4.widget.DrawerLayout/android.widget.LinearLayout/android.widget.FrameLayout/android.widget.LinearLayout/android.widget.LinearLayout/android.widget.FrameLayout/android.widget.LinearLayout/android.widget.FrameLayout/android.support.v7.widget.RecyclerView/android.widget.LinearLayout[2]/android.widget.TextView LC: 3 RC: 0
09-16 13:24:22.297  1952  1952 I NOID_SA_2: CMD: set delay
09-16 13:24:22.297  1952  1952 I NOID_SA_2: CMD: the delay between each command is 500
09-16 13:24:22.300  1952  1952 I NOID_SA_2: --------- Complete command delay_500
09-16 13:24:26.323  1952  1952 I NOID_SA_2:   CW: 0 WidgetInfo  CD: Navigate up  CL: android.widget.ImageButton  xpath: /android.widget.FrameLayout/android.widget.LinearLayout/android.widget.FrameLayout/android.support.v4.widget.DrawerLayout/android.widget.LinearLayout/android.view.ViewGroup/android.widget.ImageButton LC: 0 RC: 3
09-16 13:24:26.324  1952  1952 I NOID_SA_2:   CW: 1 WidgetInfo  TX: TalkBack  CL: android.widget.TextView  xpath: /android.widget.FrameLayout/android.widget.LinearLayout/android.widget.FrameLayout/android.support.v4.widget.DrawerLayout/android.widget.LinearLayout/android.view.ViewGroup/android.widget.TextView LC: 1 RC: 3
09-16 13:24:26.325  1952  1952 I NOID_SA_2:   CW: 2 WidgetInfo  ID: com.android.settings:id/switch_text  TX: Off  CL: android.widget.TextView  xpath: /android.widget.FrameLayout/android.widget.LinearLayout/android.widget.FrameLayout/android.support.v4.widget.DrawerLayout/android.widget.LinearLayout/android.widget.FrameLayout/android.widget.LinearLayout/android.widget.LinearLayout/android.widget.Switch/android.widget.TextView LC: 2 RC: 3
09-16 13:24:26.325  1952  1952 I NOID_SA_2:   CW: 3 WidgetInfo  ID: com.android.settings:id/switch_widget  TX: OFF  CL: android.widget.Switch  xpath: /android.widget.FrameLayout/android.widget.LinearLayout/android.widget.FrameLayout/android.support.v4.widget.DrawerLayout/android.widget.LinearLayout/android.widget.FrameLayout/android.widget.LinearLayout/android.widget.LinearLayout/android.widget.Switch/android.widget.Switch LC: 3 RC: 3
09-16 13:24:26.326  1952  1952 I NOID_SA_2:   CW: 4 WidgetInfo  ID: android:id/title  TX: Settings  CL: android.widget.TextView  xpath: /android.widget.FrameLayout/android.widget.LinearLayout/android.widget.FrameLayout/android.support.v4.widget.DrawerLayout/android.widget.LinearLayout/android.widget.FrameLayout/android.widget.LinearLayout/android.widget.LinearLayout/android.widget.FrameLayout/android.widget.LinearLayout/android.widget.FrameLayout/android.support.v7.widget.RecyclerView/android.widget.LinearLayout[1]/android.widget.RelativeLayout/android.widget.TextView LC: 3 RC: 2
09-16 13:24:26.327  1952  1952 I NOID_SA_2:   CW: 5 WidgetInfo  ID: android:id/icon  CL: android.widget.ImageView  xpath: /android.widget.FrameLayout/android.widget.LinearLayout/android.widget.FrameLayout/android.support.v4.widget.DrawerLayout/android.widget.LinearLayout/android.widget.FrameLayout/android.widget.LinearLayout/android.widget.LinearLayout/android.widget.FrameLayout/android.widget.LinearLayout/android.widget.FrameLayout/android.support.v7.widget.RecyclerView/android.widget.LinearLayout[2]/android.widget.LinearLayout/android.widget.ImageView LC: 3 RC: 1
09-16 13:24:26.328  1952  1952 I NOID_SA_2:   CW: 6 WidgetInfo  ID: android:id/title  TX: When TalkBack is on, it provides spoken feedback so that you can use your device without looking at the screen. This can be helpful for people who are blind or have low vision.
09-16 13:24:26.328  1952  1952 I NOID_SA_2: 
09-16 13:24:26.328  1952  1952 I NOID_SA_2: To navigate using TalkBack:
09-16 13:24:26.328  1952  1952 I NOID_SA_2: • Swipe right or left to move between items
09-16 13:24:26.328  1952  1952 I NOID_SA_2: • Double-tap to activate an item
09-16 13:24:26.328  1952  1952 I NOID_SA_2: • Drag two fingers to scroll
09-16 13:24:26.328  1952  1952 I NOID_SA_2: 
09-16 13:24:26.328  1952  1952 I NOID_SA_2: To turn off TalkBack:
09-16 13:24:26.328  1952  1952 I NOID_SA_2: • Tap the switch. You’ll see a green outline. Double-tap the switch.
09-16 13:24:26.328  1952  1952 I NOID_SA_2: • On the confirmation message, tap OK. Then double-tap OK.  CL: android.widget.TextView  xpath: /android.widget.FrameLayout/android.widget.LinearLayout/android.widget.FrameLayout/android.support.v4.widget.DrawerLayout/android.widget.LinearLayout/android.widget.FrameLayout/android.widget.LinearLayout/android.widget.LinearLayout/android.widget.FrameLayout/android.widget.LinearLayout/android.widget.FrameLayout/android.support.v7.widget.RecyclerView/android.widget.LinearLayout[2]/android.widget.TextView LC: 3 RC: 0
09-16 13:24:26.328  1952  1952 I NOID_SA_2: CMD: init
09-16 13:24:26.328  1952  1952 I NOID_SA_2: Path: /data/user/0/com.google.android.accessibility.talkback/files
09-16 13:24:26.328  1952  1952 I NOID_SA_2: Path: /data/local/tmp/
09-16 13:24:26.329  1952  1952 I NOID_SA_2: Json CLICK  WidgetInfo  LocBy: (resourceId)  ID: com.c51:id/email_sign_in  TX: Sign up with Email  CL: android.widget.FrameLayout  xpath: /android.widget.FrameLayout/android.widget.LinearLayout/android.widget.FrameLayout/android.view.ViewGroup/android.view.ViewGroup/android.widget.FrameLayout[2]/android.widget.LinearLayout/android.widget.FrameLayout[1] LC: 0 RC: 0
09-16 13:24:26.330  1952  1952 I NOID_SA_2: Json TYPE seal WidgetInfo  LocBy: (resourceId)  ID: com.c51:id/input_first_name  TX: First name  CL: android.widget.EditText  xpath: /android.widget.FrameLayout/android.widget.LinearLayout/android.widget.FrameLayout/android.widget.LinearLayout/android.widget.ScrollView/android.widget.LinearLayout/android.widget.LinearLayout[1]/android.widget.EditText[1] LC: 3 RC: 3
09-16 13:24:26.330  1952  1952 I NOID_SA_2: Json TYPE demo WidgetInfo  LocBy: (resourceId)  ID: com.c51:id/input_last_name  TX: Last name  CL: android.widget.EditText  xpath: /android.widget.FrameLayout/android.widget.LinearLayout/android.widget.FrameLayout/android.widget.LinearLayout/android.widget.ScrollView/android.widget.LinearLayout/android.widget.LinearLayout[1]/android.widget.EditText[2] LC: 3 RC: 3
09-16 13:24:26.330  1952  1952 I NOID_SA_2: Json CLICK  WidgetInfo  LocBy: (resourceId)  ID: com.c51:id/btn_left_action_src  CL: android.widget.ImageView  xpath: /android.widget.FrameLayout/android.widget.LinearLayout/android.widget.FrameLayout/android.widget.LinearLayout/android.widget.FrameLayout[1]/android.widget.FrameLayout/android.widget.FrameLayout[1]/android.widget.ImageView LC: 1 RC: 3
09-16 13:24:26.331  1952  1952 I NOID_SA_2: --------- Complete command init
09-16 13:24:27.844  1952  1952 I NOID_SA_2:   CW: 0 WidgetInfo  CD: Navigate up  CL: android.widget.ImageButton  xpath: /android.widget.FrameLayout/android.widget.LinearLayout/android.widget.FrameLayout/android.support.v4.widget.DrawerLayout/android.widget.LinearLayout/android.view.ViewGroup/android.widget.ImageButton LC: 0 RC: 3
09-16 13:24:27.845  1952  1952 I NOID_SA_2:   CW: 1 WidgetInfo  TX: TalkBack  CL: android.widget.TextView  xpath: /android.widget.FrameLayout/android.widget.LinearLayout/android.widget.FrameLayout/android.support.v4.widget.DrawerLayout/android.widget.LinearLayout/android.view.ViewGroup/android.widget.TextView LC: 1 RC: 3
09-16 13:24:27.845  1952  1952 I NOID_SA_2:   CW: 2 WidgetInfo  ID: com.android.settings:id/switch_text  TX: Off  CL: android.widget.TextView  xpath: /android.widget.FrameLayout/android.widget.LinearLayout/android.widget.FrameLayout/android.support.v4.widget.DrawerLayout/android.widget.LinearLayout/android.widget.FrameLayout/android.widget.LinearLayout/android.widget.LinearLayout/android.widget.Switch/android.widget.TextView LC: 2 RC: 3
09-16 13:24:27.845  1952  1952 I NOID_SA_2:   CW: 3 WidgetInfo  ID: com.android.settings:id/switch_widget  TX: OFF  CL: android.widget.Switch  xpath: /android.widget.FrameLayout/android.widget.LinearLayout/android.widget.FrameLayout/android.support.v4.widget.DrawerLayout/android.widget.LinearLayout/android.widget.FrameLayout/android.widget.LinearLayout/android.widget.LinearLayout/android.widget.Switch/android.widget.Switch LC: 3 RC: 3
09-16 13:24:27.846  1952  1952 I NOID_SA_2:   CW: 4 WidgetInfo  ID: android:id/title  TX: Settings  CL: android.widget.TextView  xpath: /android.widget.FrameLayout/android.widget.LinearLayout/android.widget.FrameLayout/android.support.v4.widget.DrawerLayout/android.widget.LinearLayout/android.widget.FrameLayout/android.widget.LinearLayout/android.widget.LinearLayout/android.widget.FrameLayout/android.widget.LinearLayout/android.widget.FrameLayout/android.support.v7.widget.RecyclerView/android.widget.LinearLayout[1]/android.widget.RelativeLayout/android.widget.TextView LC: 3 RC: 2
09-16 13:24:27.846  1952  1952 I NOID_SA_2:   CW: 5 WidgetInfo  ID: android:id/icon  CL: android.widget.ImageView  xpath: /android.widget.FrameLayout/android.widget.LinearLayout/android.widget.FrameLayout/android.support.v4.widget.DrawerLayout/android.widget.LinearLayout/android.widget.FrameLayout/android.widget.LinearLayout/android.widget.LinearLayout/android.widget.FrameLayout/android.widget.LinearLayout/android.widget.FrameLayout/android.support.v7.widget.RecyclerView/android.widget.LinearLayout[2]/android.widget.LinearLayout/android.widget.ImageView LC: 3 RC: 1
09-16 13:24:27.847  1952  1952 I NOID_SA_2:   CW: 6 WidgetInfo  ID: android:id/title  TX: When TalkBack is on, it provides spoken feedback so that you can use your device without looking at the screen. This can be helpful for people who are blind or have low vision.
09-16 13:24:27.847  1952  1952 I NOID_SA_2: 
09-16 13:24:27.847  1952  1952 I NOID_SA_2: To navigate using TalkBack:
09-16 13:24:27.847  1952  1952 I NOID_SA_2: • Swipe right or left to move between items
09-16 13:24:27.847  1952  1952 I NOID_SA_2: • Double-tap to activate an item
09-16 13:24:27.847  1952  1952 I NOID_SA_2: • Drag two fingers to scroll
09-16 13:24:27.847  1952  1952 I NOID_SA_2: 
09-16 13:24:27.847  1952  1952 I NOID_SA_2: To turn off TalkBack:
09-16 13:24:27.847  1952  1952 I NOID_SA_2: • Tap the switch. You’ll see a green outline. Double-tap the switch.
09-16 13:24:27.847  1952  1952 I NOID_SA_2: • On the confirmation message, tap OK. Then double-tap OK.  CL: android.widget.TextView  xpath: /android.widget.FrameLayout/android.widget.LinearLayout/android.widget.FrameLayout/android.support.v4.widget.DrawerLayout/android.widget.LinearLayout/android.widget.FrameLayout/android.widget.LinearLayout/android.widget.LinearLayout/android.widget.FrameLayout/android.widget.LinearLayout/android.widget.FrameLayout/android.support.v7.widget.RecyclerView/android.widget.LinearLayout[2]/android.widget.TextView LC: 3 RC: 0
09-16 13:24:27.847  1952  1952 I NOID_SA_2: CMD: mask
09-16 13:24:27.847  1952  1952 I NOID_SA_2: tokens [Ljava.lang.String;@5bfae20
09-16 13:24:27.847  1952  1952 I NOID_SA_2:   token xpath
09-16 13:24:27.847  1952  1952 I NOID_SA_2:   token resourceId
09-16 13:24:27.848  1952  1952 I NOID_SA_2: --------- Complete command mask_xpath_resourceId
09-16 13:24:28.856  1952  1952 I NOID_SA_2:   CW: 0 WidgetInfo  CD: Navigate up  CL: android.widget.ImageButton  xpath: /android.widget.FrameLayout/android.widget.LinearLayout/android.widget.FrameLayout/android.support.v4.widget.DrawerLayout/android.widget.LinearLayout/android.view.ViewGroup/android.widget.ImageButton LC: 0 RC: 3
09-16 13:24:28.856  1952  1952 I NOID_SA_2:   CW: 1 WidgetInfo  TX: TalkBack  CL: android.widget.TextView  xpath: /android.widget.FrameLayout/android.widget.LinearLayout/android.widget.FrameLayout/android.support.v4.widget.DrawerLayout/android.widget.LinearLayout/android.view.ViewGroup/android.widget.TextView LC: 1 RC: 3
09-16 13:24:28.857  1952  1952 I NOID_SA_2:   CW: 2 WidgetInfo  ID: com.android.settings:id/switch_text  TX: Off  CL: android.widget.TextView  xpath: /android.widget.FrameLayout/android.widget.LinearLayout/android.widget.FrameLayout/android.support.v4.widget.DrawerLayout/android.widget.LinearLayout/android.widget.FrameLayout/android.widget.LinearLayout/android.widget.LinearLayout/android.widget.Switch/android.widget.TextView LC: 2 RC: 3
09-16 13:24:28.857  1952  1952 I NOID_SA_2:   CW: 3 WidgetInfo  ID: com.android.settings:id/switch_widget  TX: OFF  CL: android.widget.Switch  xpath: /android.widget.FrameLayout/android.widget.LinearLayout/android.widget.FrameLayout/android.support.v4.widget.DrawerLayout/android.widget.LinearLayout/android.widget.FrameLayout/android.widget.LinearLayout/android.widget.LinearLayout/android.widget.Switch/android.widget.Switch LC: 3 RC: 3
09-16 13:24:28.858  1952  1952 I NOID_SA_2:   CW: 4 WidgetInfo  ID: android:id/title  TX: Settings  CL: android.widget.TextView  xpath: /android.widget.FrameLayout/android.widget.LinearLayout/android.widget.FrameLayout/android.support.v4.widget.DrawerLayout/android.widget.LinearLayout/android.widget.FrameLayout/android.widget.LinearLayout/android.widget.LinearLayout/android.widget.FrameLayout/android.widget.LinearLayout/android.widget.FrameLayout/android.support.v7.widget.RecyclerView/android.widget.LinearLayout[1]/android.widget.RelativeLayout/android.widget.TextView LC: 3 RC: 2
09-16 13:24:28.859  1952  1952 I NOID_SA_2:   CW: 5 WidgetInfo  ID: android:id/icon  CL: android.widget.ImageView  xpath: /android.widget.FrameLayout/android.widget.LinearLayout/android.widget.FrameLayout/android.support.v4.widget.DrawerLayout/android.widget.LinearLayout/android.widget.FrameLayout/android.widget.LinearLayout/android.widget.LinearLayout/android.widget.FrameLayout/android.widget.LinearLayout/android.widget.FrameLayout/android.support.v7.widget.RecyclerView/android.widget.LinearLayout[2]/android.widget.LinearLayout/android.widget.ImageView LC: 3 RC: 1
09-16 13:24:28.860  1952  1952 I NOID_SA_2:   CW: 6 WidgetInfo  ID: android:id/title  TX: When TalkBack is on, it provides spoken feedback so that you can use your device without looking at the screen. This can be helpful for people who are blind or have low vision.
09-16 13:24:28.860  1952  1952 I NOID_SA_2: 
09-16 13:24:28.860  1952  1952 I NOID_SA_2: To navigate using TalkBack:
09-16 13:24:28.860  1952  1952 I NOID_SA_2: • Swipe right or left to move between items
09-16 13:24:28.860  1952  1952 I NOID_SA_2: • Double-tap to activate an item
09-16 13:24:28.860  1952  1952 I NOID_SA_2: • Drag two fingers to scroll
09-16 13:24:28.860  1952  1952 I NOID_SA_2: 
09-16 13:24:28.860  1952  1952 I NOID_SA_2: To turn off TalkBack:
09-16 13:24:28.860  1952  1952 I NOID_SA_2: • Tap the switch. You’ll see a green outline. Double-tap the switch.
09-16 13:24:28.860  1952  1952 I NOID_SA_2: • On the confirmation message, tap OK. Then double-tap OK.  CL: android.widget.TextView  xpath: /android.widget.FrameLayout/android.widget.LinearLayout/android.widget.FrameLayout/android.support.v4.widget.DrawerLayout/android.widget.LinearLayout/android.widget.FrameLayout/android.widget.LinearLayout/android.widget.LinearLayout/android.widget.FrameLayout/android.widget.LinearLayout/android.widget.FrameLayout/android.support.v7.widget.RecyclerView/android.widget.LinearLayout[2]/android.widget.TextView LC: 3 RC: 0
09-16 13:24:28.860  1952  1952 I NOID_SA_2: CMD: set executor
09-16 13:24:28.860  1952  1952 I NOID_SA_2: CMD: The current executor is set to TalkBack
09-16 13:24:28.861  1952  1952 I NOID_SA_2: --------- Complete command executor_talk
09-16 13:24:29.869  1952  1952 I NOID_SA_2:   CW: 0 WidgetInfo  CD: Navigate up  CL: android.widget.ImageButton  xpath: /android.widget.FrameLayout/android.widget.LinearLayout/android.widget.FrameLayout/android.support.v4.widget.DrawerLayout/android.widget.LinearLayout/android.view.ViewGroup/android.widget.ImageButton LC: 0 RC: 3
09-16 13:24:29.869  1952  1952 I NOID_SA_2:   CW: 1 WidgetInfo  TX: TalkBack  CL: android.widget.TextView  xpath: /android.widget.FrameLayout/android.widget.LinearLayout/android.widget.FrameLayout/android.support.v4.widget.DrawerLayout/android.widget.LinearLayout/android.view.ViewGroup/android.widget.TextView LC: 1 RC: 3
09-16 13:24:29.869  1952  1952 I NOID_SA_2:   CW: 2 WidgetInfo  ID: com.android.settings:id/switch_text  TX: Off  CL: android.widget.TextView  xpath: /android.widget.FrameLayout/android.widget.LinearLayout/android.widget.FrameLayout/android.support.v4.widget.DrawerLayout/android.widget.LinearLayout/android.widget.FrameLayout/android.widget.LinearLayout/android.widget.LinearLayout/android.widget.Switch/android.widget.TextView LC: 2 RC: 3
09-16 13:24:29.870  1952  1952 I NOID_SA_2:   CW: 3 WidgetInfo  ID: com.android.settings:id/switch_widget  TX: OFF  CL: android.widget.Switch  xpath: /android.widget.FrameLayout/android.widget.LinearLayout/android.widget.FrameLayout/android.support.v4.widget.DrawerLayout/android.widget.LinearLayout/android.widget.FrameLayout/android.widget.LinearLayout/android.widget.LinearLayout/android.widget.Switch/android.widget.Switch LC: 3 RC: 3
09-16 13:24:29.870  1952  1952 I NOID_SA_2:   CW: 4 WidgetInfo  ID: android:id/title  TX: Settings  CL: android.widget.TextView  xpath: /android.widget.FrameLayout/android.widget.LinearLayout/android.widget.FrameLayout/android.support.v4.widget.DrawerLayout/android.widget.LinearLayout/android.widget.FrameLayout/android.widget.LinearLayout/android.widget.LinearLayout/android.widget.FrameLayout/android.widget.LinearLayout/android.widget.FrameLayout/android.support.v7.widget.RecyclerView/android.widget.LinearLayout[1]/android.widget.RelativeLayout/android.widget.TextView LC: 3 RC: 2
09-16 13:24:29.871  1952  1952 I NOID_SA_2:   CW: 5 WidgetInfo  ID: android:id/icon  CL: android.widget.ImageView  xpath: /android.widget.FrameLayout/android.widget.LinearLayout/android.widget.FrameLayout/android.support.v4.widget.DrawerLayout/android.widget.LinearLayout/android.widget.FrameLayout/android.widget.LinearLayout/android.widget.LinearLayout/android.widget.FrameLayout/android.widget.LinearLayout/android.widget.FrameLayout/android.support.v7.widget.RecyclerView/android.widget.LinearLayout[2]/android.widget.LinearLayout/android.widget.ImageView LC: 3 RC: 1
09-16 13:24:29.871  1952  1952 I NOID_SA_2:   CW: 6 WidgetInfo  ID: android:id/title  TX: When TalkBack is on, it provides spoken feedback so that you can use your device without looking at the screen. This can be helpful for people who are blind or have low vision.
09-16 13:24:29.871  1952  1952 I NOID_SA_2: 
09-16 13:24:29.871  1952  1952 I NOID_SA_2: To navigate using TalkBack:
09-16 13:24:29.871  1952  1952 I NOID_SA_2: • Swipe right or left to move between items
09-16 13:24:29.871  1952  1952 I NOID_SA_2: • Double-tap to activate an item
09-16 13:24:29.871  1952  1952 I NOID_SA_2: • Drag two fingers to scroll
09-16 13:24:29.871  1952  1952 I NOID_SA_2: 
09-16 13:24:29.871  1952  1952 I NOID_SA_2: To turn off TalkBack:
09-16 13:24:29.871  1952  1952 I NOID_SA_2: • Tap the switch. You’ll see a green outline. Double-tap the switch.
09-16 13:24:29.871  1952  1952 I NOID_SA_2: • On the confirmation message, tap OK. Then double-tap OK.  CL: android.widget.TextView  xpath: /android.widget.FrameLayout/android.widget.LinearLayout/android.widget.FrameLayout/android.support.v4.widget.DrawerLayout/android.widget.LinearLayout/android.widget.FrameLayout/android.widget.LinearLayout/android.widget.LinearLayout/android.widget.FrameLayout/android.widget.LinearLayout/android.widget.FrameLayout/android.support.v7.widget.RecyclerView/android.widget.LinearLayout[2]/android.widget.TextView LC: 3 RC: 0
09-16 13:24:29.871  1952  1952 I NOID_SA_2: CMD: set delay
09-16 13:24:29.871  1952  1952 I NOID_SA_2: CMD: the delay between each command is 2000
09-16 13:24:29.873  1952  1952 I NOID_SA_2: --------- Complete command delay_2000
09-16 13:24:33.881  1952  1952 I NOID_SA_2:   CW: 0 WidgetInfo  CD: Navigate up  CL: android.widget.ImageButton  xpath: /android.widget.FrameLayout/android.widget.LinearLayout/android.widget.FrameLayout/android.support.v4.widget.DrawerLayout/android.widget.LinearLayout/android.view.ViewGroup/android.widget.ImageButton LC: 0 RC: 3
09-16 13:24:33.881  1952  1952 I NOID_SA_2:   CW: 1 WidgetInfo  TX: TalkBack  CL: android.widget.TextView  xpath: /android.widget.FrameLayout/android.widget.LinearLayout/android.widget.FrameLayout/android.support.v4.widget.DrawerLayout/android.widget.LinearLayout/android.view.ViewGroup/android.widget.TextView LC: 1 RC: 3
09-16 13:24:33.882  1952  1952 I NOID_SA_2:   CW: 2 WidgetInfo  ID: com.android.settings:id/switch_text  TX: Off  CL: android.widget.TextView  xpath: /android.widget.FrameLayout/android.widget.LinearLayout/android.widget.FrameLayout/android.support.v4.widget.DrawerLayout/android.widget.LinearLayout/android.widget.FrameLayout/android.widget.LinearLayout/android.widget.LinearLayout/android.widget.Switch/android.widget.TextView LC: 2 RC: 3
09-16 13:24:33.883  1952  1952 I NOID_SA_2:   CW: 3 WidgetInfo  ID: com.android.settings:id/switch_widget  TX: OFF  CL: android.widget.Switch  xpath: /android.widget.FrameLayout/android.widget.LinearLayout/android.widget.FrameLayout/android.support.v4.widget.DrawerLayout/android.widget.LinearLayout/android.widget.FrameLayout/android.widget.LinearLayout/android.widget.LinearLayout/android.widget.Switch/android.widget.Switch LC: 3 RC: 3
09-16 13:24:33.883  1952  1952 I NOID_SA_2:   CW: 4 WidgetInfo  ID: android:id/title  TX: Settings  CL: android.widget.TextView  xpath: /android.widget.FrameLayout/android.widget.LinearLayout/android.widget.FrameLayout/android.support.v4.widget.DrawerLayout/android.widget.LinearLayout/android.widget.FrameLayout/android.widget.LinearLayout/android.widget.LinearLayout/android.widget.FrameLayout/android.widget.LinearLayout/android.widget.FrameLayout/android.support.v7.widget.RecyclerView/android.widget.LinearLayout[1]/android.widget.RelativeLayout/android.widget.TextView LC: 3 RC: 2
09-16 13:24:33.883  1952  1952 I NOID_SA_2:   CW: 5 WidgetInfo  ID: android:id/icon  CL: android.widget.ImageView  xpath: /android.widget.FrameLayout/android.widget.LinearLayout/android.widget.FrameLayout/android.support.v4.widget.DrawerLayout/android.widget.LinearLayout/android.widget.FrameLayout/android.widget.LinearLayout/android.widget.LinearLayout/android.widget.FrameLayout/android.widget.LinearLayout/android.widget.FrameLayout/android.support.v7.widget.RecyclerView/android.widget.LinearLayout[2]/android.widget.LinearLayout/android.widget.ImageView LC: 3 RC: 1
09-16 13:24:33.884  1952  1952 I NOID_SA_2:   CW: 6 WidgetInfo  ID: android:id/title  TX: When TalkBack is on, it provides spoken feedback so that you can use your device without looking at the screen. This can be helpful for people who are blind or have low vision.
09-16 13:24:33.884  1952  1952 I NOID_SA_2: 
09-16 13:24:33.884  1952  1952 I NOID_SA_2: To navigate using TalkBack:
09-16 13:24:33.884  1952  1952 I NOID_SA_2: • Swipe right or left to move between items
09-16 13:24:33.884  1952  1952 I NOID_SA_2: • Double-tap to activate an item
09-16 13:24:33.884  1952  1952 I NOID_SA_2: • Drag two fingers to scroll
09-16 13:24:33.884  1952  1952 I NOID_SA_2: 
09-16 13:24:33.884  1952  1952 I NOID_SA_2: To turn off TalkBack:
09-16 13:24:33.884  1952  1952 I NOID_SA_2: • Tap the switch. You’ll see a green outline. Double-tap the switch.
09-16 13:24:33.884  1952  1952 I NOID_SA_2: • On the confirmation message, tap OK. Then double-tap OK.  CL: android.widget.TextView  xpath: /android.widget.FrameLayout/android.widget.LinearLayout/android.widget.FrameLayout/android.support.v4.widget.DrawerLayout/android.widget.LinearLayout/android.widget.FrameLayout/android.widget.LinearLayout/android.widget.LinearLayout/android.widget.FrameLayout/android.widget.LinearLayout/android.widget.FrameLayout/android.support.v7.widget.RecyclerView/android.widget.LinearLayout[2]/android.widget.TextView LC: 3 RC: 0
09-16 13:24:33.884  1952  1952 I NOID_SA_2: CMD: start
09-16 13:24:33.885  1952  1952 I NOID_SA_2: Executing command 1 Masks [xpath, resourceId]
09-16 13:24:33.892  1952  1952 I NOID_SA_2: TalkBack Command state: 0, action: CLICK, actionExtra: , target: WidgetInfo  LocBy: (resourceId)  ID: com.c51:id/email_sign_in  TX: Sign up with Email  CL: android.widget.FrameLayout  xpath: /android.widget.FrameLayout/android.widget.LinearLayout/android.widget.FrameLayout/android.view.ViewGroup/android.view.ViewGroup/android.widget.FrameLayout[2]/android.widget.LinearLayout/android.widget.FrameLayout[1] LC: 0 RC: 0.
09-16 13:24:33.892  1952  1952 I NOID_SA_2: -- Current Focused Nodeandroid.view.accessibility.AccessibilityNodeInfo@507be; boundsInParent: Rect(0, 0 - 147, 147); boundsInScreen: Rect(0, 63 - 147, 210); packageName: com.android.settings; className: android.widget.ImageButton; text: null; error: null; maxTextLength: -1; contentDescription: Navigate up; viewIdResName: null; checkable: false; checked: false; focusable: true; focused: false; selected: false; clickable: true; longClickable: false; contextClickable: false; enabled: true; password: false; scrollable: false; importantForAccessibility: true; actions: [AccessibilityAction: ACTION_FOCUS - null, AccessibilityAction: ACTION_SELECT - null, AccessibilityAction: ACTION_CLEAR_SELECTION - null, AccessibilityAction: ACTION_CLICK - null, AccessibilityAction: ACTION_CLEAR_ACCESSIBILITY_FOCUS - null, AccessibilityAction: ACTION_NEXT_AT_MOVEMENT_GRANULARITY - null, AccessibilityAction: ACTION_PREVIOUS_AT_MOVEMENT_GRANULARITY - null, AccessibilityAction: ACTION_SET_SELECTION - null, AccessibilityAction: ACTION_SHOW_ON_SCREEN - null]
09-16 13:24:33.892  1952  1952 I NOID_SA_2: --- Change to SEARCH
09-16 13:24:33.895  1952  1952 I NOID_SA_2: The target widget is not unique. 0
09-16 13:24:33.895  1952  1952 I NOID_SA_2: Command 1 is failed!
09-16 13:24:33.895  1952  1952 I NOID_SA_2: --------- Complete command start
09-16 13:24:35.902  1952  1952 I NOID_SA_2:   CW: 0 WidgetInfo  CD: Navigate up  CL: android.widget.ImageButton  xpath: /android.widget.FrameLayout/android.widget.LinearLayout/android.widget.FrameLayout/android.support.v4.widget.DrawerLayout/android.widget.LinearLayout/android.view.ViewGroup/android.widget.ImageButton LC: 0 RC: 3
09-16 13:24:35.902  1952  1952 I NOID_SA_2:   CW: 1 WidgetInfo  TX: TalkBack  CL: android.widget.TextView  xpath: /android.widget.FrameLayout/android.widget.LinearLayout/android.widget.FrameLayout/android.support.v4.widget.DrawerLayout/android.widget.LinearLayout/android.view.ViewGroup/android.widget.TextView LC: 1 RC: 3
09-16 13:24:35.902  1952  1952 I NOID_SA_2:   CW: 2 WidgetInfo  ID: com.android.settings:id/switch_text  TX: Off  CL: android.widget.TextView  xpath: /android.widget.FrameLayout/android.widget.LinearLayout/android.widget.FrameLayout/android.support.v4.widget.DrawerLayout/android.widget.LinearLayout/android.widget.FrameLayout/android.widget.LinearLayout/android.widget.LinearLayout/android.widget.Switch/android.widget.TextView LC: 2 RC: 3
09-16 13:24:35.902  1952  1952 I NOID_SA_2:   CW: 3 WidgetInfo  ID: com.android.settings:id/switch_widget  TX: OFF  CL: android.widget.Switch  xpath: /android.widget.FrameLayout/android.widget.LinearLayout/android.widget.FrameLayout/android.support.v4.widget.DrawerLayout/android.widget.LinearLayout/android.widget.FrameLayout/android.widget.LinearLayout/android.widget.LinearLayout/android.widget.Switch/android.widget.Switch LC: 3 RC: 3
09-16 13:24:35.902  1952  1952 I NOID_SA_2:   CW: 4 WidgetInfo  ID: android:id/title  TX: Settings  CL: android.widget.TextView  xpath: /android.widget.FrameLayout/android.widget.LinearLayout/android.widget.FrameLayout/android.support.v4.widget.DrawerLayout/android.widget.LinearLayout/android.widget.FrameLayout/android.widget.LinearLayout/android.widget.LinearLayout/android.widget.FrameLayout/android.widget.LinearLayout/android.widget.FrameLayout/android.support.v7.widget.RecyclerView/android.widget.LinearLayout[1]/android.widget.RelativeLayout/android.widget.TextView LC: 3 RC: 2
09-16 13:24:35.903  1952  1952 I NOID_SA_2:   CW: 5 WidgetInfo  ID: android:id/icon  CL: android.widget.ImageView  xpath: /android.widget.FrameLayout/android.widget.LinearLayout/android.widget.FrameLayout/android.support.v4.widget.DrawerLayout/android.widget.LinearLayout/android.widget.FrameLayout/android.widget.LinearLayout/android.widget.LinearLayout/android.widget.FrameLayout/android.widget.LinearLayout/android.widget.FrameLayout/android.support.v7.widget.RecyclerView/android.widget.LinearLayout[2]/android.widget.LinearLayout/android.widget.ImageView LC: 3 RC: 1
09-16 13:24:35.904  1952  1952 I NOID_SA_2:   CW: 6 WidgetInfo  ID: android:id/title  TX: When TalkBack is on, it provides spoken feedback so that you can use your device without looking at the screen. This can be helpful for people who are blind or have low vision.
09-16 13:24:35.904  1952  1952 I NOID_SA_2: 
09-16 13:24:35.904  1952  1952 I NOID_SA_2: To navigate using TalkBack:
09-16 13:24:35.904  1952  1952 I NOID_SA_2: • Swipe right or left to move between items
09-16 13:24:35.904  1952  1952 I NOID_SA_2: • Double-tap to activate an item
09-16 13:24:35.904  1952  1952 I NOID_SA_2: • Drag two fingers to scroll
09-16 13:24:35.904  1952  1952 I NOID_SA_2: 
09-16 13:24:35.904  1952  1952 I NOID_SA_2: To turn off TalkBack:
09-16 13:24:35.904  1952  1952 I NOID_SA_2: • Tap the switch. You’ll see a green outline. Double-tap the switch.
09-16 13:24:35.904  1952  1952 I NOID_SA_2: • On the confirmation message, tap OK. Then double-tap OK.  CL: android.widget.TextView  xpath: /android.widget.FrameLayout/android.widget.LinearLayout/android.widget.FrameLayout/android.support.v4.widget.DrawerLayout/android.widget.LinearLayout/android.widget.FrameLayout/android.widget.LinearLayout/android.widget.LinearLayout/android.widget.FrameLayout/android.widget.LinearLayout/android.widget.FrameLayout/android.support.v7.widget.RecyclerView/android.widget.LinearLayout[2]/android.widget.TextView LC: 3 RC: 0
09-16 13:24:35.904  1952  1952 I NOID_SA_2: CMD: start
09-16 13:24:35.904  1952  1952 I NOID_SA_2: Executing command 2 Masks [xpath, resourceId]
09-16 13:24:35.911  1952  1952 I NOID_SA_2: TalkBack Command state: 0, action: TYPE, actionExtra: seal, target: WidgetInfo  LocBy: (resourceId)  ID: com.c51:id/input_first_name  TX: First name  CL: android.widget.EditText  xpath: /android.widget.FrameLayout/android.widget.LinearLayout/android.widget.FrameLayout/android.widget.LinearLayout/android.widget.ScrollView/android.widget.LinearLayout/android.widget.LinearLayout[1]/android.widget.EditText[1] LC: 3 RC: 3.
09-16 13:24:35.912  1952  1952 I NOID_SA_2: -- Current Focused Nodeandroid.view.accessibility.AccessibilityNodeInfo@507be; boundsInParent: Rect(0, 0 - 147, 147); boundsInScreen: Rect(0, 63 - 147, 210); packageName: com.android.settings; className: android.widget.ImageButton; text: null; error: null; maxTextLength: -1; contentDescription: Navigate up; viewIdResName: null; checkable: false; checked: false; focusable: true; focused: false; selected: false; clickable: true; longClickable: false; contextClickable: false; enabled: true; password: false; scrollable: false; importantForAccessibility: true; actions: [AccessibilityAction: ACTION_FOCUS - null, AccessibilityAction: ACTION_SELECT - null, AccessibilityAction: ACTION_CLEAR_SELECTION - null, AccessibilityAction: ACTION_CLICK - null, AccessibilityAction: ACTION_CLEAR_ACCESSIBILITY_FOCUS - null, AccessibilityAction: ACTION_NEXT_AT_MOVEMENT_GRANULARITY - null, AccessibilityAction: ACTION_PREVIOUS_AT_MOVEMENT_GRANULARITY - null, AccessibilityAction: ACTION_SET_SELECTION - null, AccessibilityAction: ACTION_SHOW_ON_SCREEN - null]
09-16 13:24:35.912  1952  1952 I NOID_SA_2: --- Change to SEARCH
09-16 13:24:35.916  1952  1952 I NOID_SA_2: The target widget is not unique. 0
09-16 13:24:35.917  1952  1952 I NOID_SA_2: Command 2 is failed!
09-16 13:24:35.917  1952  1952 I NOID_SA_2: --------- Complete command start
09-16 13:24:37.923  1952  1952 I NOID_SA_2:   CW: 0 WidgetInfo  CD: Navigate up  CL: android.widget.ImageButton  xpath: /android.widget.FrameLayout/android.widget.LinearLayout/android.widget.FrameLayout/android.support.v4.widget.DrawerLayout/android.widget.LinearLayout/android.view.ViewGroup/android.widget.ImageButton LC: 0 RC: 3
09-16 13:24:37.923  1952  1952 I NOID_SA_2:   CW: 1 WidgetInfo  TX: TalkBack  CL: android.widget.TextView  xpath: /android.widget.FrameLayout/android.widget.LinearLayout/android.widget.FrameLayout/android.support.v4.widget.DrawerLayout/android.widget.LinearLayout/android.view.ViewGroup/android.widget.TextView LC: 1 RC: 3
09-16 13:24:37.923  1952  1952 I NOID_SA_2:   CW: 2 WidgetInfo  ID: com.android.settings:id/switch_text  TX: Off  CL: android.widget.TextView  xpath: /android.widget.FrameLayout/android.widget.LinearLayout/android.widget.FrameLayout/android.support.v4.widget.DrawerLayout/android.widget.LinearLayout/android.widget.FrameLayout/android.widget.LinearLayout/android.widget.LinearLayout/android.widget.Switch/android.widget.TextView LC: 2 RC: 3
09-16 13:24:37.924  1952  1952 I NOID_SA_2:   CW: 3 WidgetInfo  ID: com.android.settings:id/switch_widget  TX: OFF  CL: android.widget.Switch  xpath: /android.widget.FrameLayout/android.widget.LinearLayout/android.widget.FrameLayout/android.support.v4.widget.DrawerLayout/android.widget.LinearLayout/android.widget.FrameLayout/android.widget.LinearLayout/android.widget.LinearLayout/android.widget.Switch/android.widget.Switch LC: 3 RC: 3
09-16 13:24:37.924  1952  1952 I NOID_SA_2:   CW: 4 WidgetInfo  ID: android:id/title  TX: Settings  CL: android.widget.TextView  xpath: /android.widget.FrameLayout/android.widget.LinearLayout/android.widget.FrameLayout/android.support.v4.widget.DrawerLayout/android.widget.LinearLayout/android.widget.FrameLayout/android.widget.LinearLayout/android.widget.LinearLayout/android.widget.FrameLayout/android.widget.LinearLayout/android.widget.FrameLayout/android.support.v7.widget.RecyclerView/android.widget.LinearLayout[1]/android.widget.RelativeLayout/android.widget.TextView LC: 3 RC: 2
09-16 13:24:37.924  1952  1952 I NOID_SA_2:   CW: 5 WidgetInfo  ID: android:id/icon  CL: android.widget.ImageView  xpath: /android.widget.FrameLayout/android.widget.LinearLayout/android.widget.FrameLayout/android.support.v4.widget.DrawerLayout/android.widget.LinearLayout/android.widget.FrameLayout/android.widget.LinearLayout/android.widget.LinearLayout/android.widget.FrameLayout/android.widget.LinearLayout/android.widget.FrameLayout/android.support.v7.widget.RecyclerView/android.widget.LinearLayout[2]/android.widget.LinearLayout/android.widget.ImageView LC: 3 RC: 1
09-16 13:24:37.925  1952  1952 I NOID_SA_2:   CW: 6 WidgetInfo  ID: android:id/title  TX: When TalkBack is on, it provides spoken feedback so that you can use your device without looking at the screen. This can be helpful for people who are blind or have low vision.
09-16 13:24:37.925  1952  1952 I NOID_SA_2: 
09-16 13:24:37.925  1952  1952 I NOID_SA_2: To navigate using TalkBack:
09-16 13:24:37.925  1952  1952 I NOID_SA_2: • Swipe right or left to move between items
09-16 13:24:37.925  1952  1952 I NOID_SA_2: • Double-tap to activate an item
09-16 13:24:37.925  1952  1952 I NOID_SA_2: • Drag two fingers to scroll
09-16 13:24:37.925  1952  1952 I NOID_SA_2: 
09-16 13:24:37.925  1952  1952 I NOID_SA_2: To turn off TalkBack:
09-16 13:24:37.925  1952  1952 I NOID_SA_2: • Tap the switch. You’ll see a green outline. Double-tap the switch.
09-16 13:24:37.925  1952  1952 I NOID_SA_2: • On the confirmation message, tap OK. Then double-tap OK.  CL: android.widget.TextView  xpath: /android.widget.FrameLayout/android.widget.LinearLayout/android.widget.FrameLayout/android.support.v4.widget.DrawerLayout/android.widget.LinearLayout/android.widget.FrameLayout/android.widget.LinearLayout/android.widget.LinearLayout/android.widget.FrameLayout/android.widget.LinearLayout/android.widget.FrameLayout/android.support.v7.widget.RecyclerView/android.widget.LinearLayout[2]/android.widget.TextView LC: 3 RC: 0
09-16 13:24:37.925  1952  1952 I NOID_SA_2: CMD: start
09-16 13:24:37.925  1952  1952 I NOID_SA_2: Executing command 3 Masks [xpath, resourceId]
09-16 13:24:37.933  1952  1952 I NOID_SA_2: TalkBack Command state: 0, action: TYPE, actionExtra: demo, target: WidgetInfo  LocBy: (resourceId)  ID: com.c51:id/input_last_name  TX: Last name  CL: android.widget.EditText  xpath: /android.widget.FrameLayout/android.widget.LinearLayout/android.widget.FrameLayout/android.widget.LinearLayout/android.widget.ScrollView/android.widget.LinearLayout/android.widget.LinearLayout[1]/android.widget.EditText[2] LC: 3 RC: 3.
09-16 13:24:37.933  1952  1952 I NOID_SA_2: -- Current Focused Nodeandroid.view.accessibility.AccessibilityNodeInfo@507be; boundsInParent: Rect(0, 0 - 147, 147); boundsInScreen: Rect(0, 63 - 147, 210); packageName: com.android.settings; className: android.widget.ImageButton; text: null; error: null; maxTextLength: -1; contentDescription: Navigate up; viewIdResName: null; checkable: false; checked: false; focusable: true; focused: false; selected: false; clickable: true; longClickable: false; contextClickable: false; enabled: true; password: false; scrollable: false; importantForAccessibility: true; actions: [AccessibilityAction: ACTION_FOCUS - null, AccessibilityAction: ACTION_SELECT - null, AccessibilityAction: ACTION_CLEAR_SELECTION - null, AccessibilityAction: ACTION_CLICK - null, AccessibilityAction: ACTION_CLEAR_ACCESSIBILITY_FOCUS - null, AccessibilityAction: ACTION_NEXT_AT_MOVEMENT_GRANULARITY - null, AccessibilityAction: ACTION_PREVIOUS_AT_MOVEMENT_GRANULARITY - null, AccessibilityAction: ACTION_SET_SELECTION - null, AccessibilityAction: ACTION_SHOW_ON_SCREEN - null]
09-16 13:24:37.933  1952  1952 I NOID_SA_2: --- Change to SEARCH
09-16 13:24:37.937  1952  1952 I NOID_SA_2: The target widget is not unique. 0
09-16 13:24:37.937  1952  1952 I NOID_SA_2: Command 3 is failed!
09-16 13:24:37.937  1952  1952 I NOID_SA_2: --------- Complete command start
09-16 13:24:39.943  1952  1952 I NOID_SA_2:   CW: 0 WidgetInfo  CD: Navigate up  CL: android.widget.ImageButton  xpath: /android.widget.FrameLayout/android.widget.LinearLayout/android.widget.FrameLayout/android.support.v4.widget.DrawerLayout/android.widget.LinearLayout/android.view.ViewGroup/android.widget.ImageButton LC: 0 RC: 3
09-16 13:24:39.943  1952  1952 I NOID_SA_2:   CW: 1 WidgetInfo  TX: TalkBack  CL: android.widget.TextView  xpath: /android.widget.FrameLayout/android.widget.LinearLayout/android.widget.FrameLayout/android.support.v4.widget.DrawerLayout/android.widget.LinearLayout/android.view.ViewGroup/android.widget.TextView LC: 1 RC: 3
09-16 13:24:39.944  1952  1952 I NOID_SA_2:   CW: 2 WidgetInfo  ID: com.android.settings:id/switch_text  TX: Off  CL: android.widget.TextView  xpath: /android.widget.FrameLayout/android.widget.LinearLayout/android.widget.FrameLayout/android.support.v4.widget.DrawerLayout/android.widget.LinearLayout/android.widget.FrameLayout/android.widget.LinearLayout/android.widget.LinearLayout/android.widget.Switch/android.widget.TextView LC: 2 RC: 3
09-16 13:24:39.944  1952  1952 I NOID_SA_2:   CW: 3 WidgetInfo  ID: com.android.settings:id/switch_widget  TX: OFF  CL: android.widget.Switch  xpath: /android.widget.FrameLayout/android.widget.LinearLayout/android.widget.FrameLayout/android.support.v4.widget.DrawerLayout/android.widget.LinearLayout/android.widget.FrameLayout/android.widget.LinearLayout/android.widget.LinearLayout/android.widget.Switch/android.widget.Switch LC: 3 RC: 3
09-16 13:24:39.945  1952  1952 I NOID_SA_2:   CW: 4 WidgetInfo  ID: android:id/title  TX: Settings  CL: android.widget.TextView  xpath: /android.widget.FrameLayout/android.widget.LinearLayout/android.widget.FrameLayout/android.support.v4.widget.DrawerLayout/android.widget.LinearLayout/android.widget.FrameLayout/android.widget.LinearLayout/android.widget.LinearLayout/android.widget.FrameLayout/android.widget.LinearLayout/android.widget.FrameLayout/android.support.v7.widget.RecyclerView/android.widget.LinearLayout[1]/android.widget.RelativeLayout/android.widget.TextView LC: 3 RC: 2
09-16 13:24:39.946  1952  1952 I NOID_SA_2:   CW: 5 WidgetInfo  ID: android:id/icon  CL: android.widget.ImageView  xpath: /android.widget.FrameLayout/android.widget.LinearLayout/android.widget.FrameLayout/android.support.v4.widget.DrawerLayout/android.widget.LinearLayout/android.widget.FrameLayout/android.widget.LinearLayout/android.widget.LinearLayout/android.widget.FrameLayout/android.widget.LinearLayout/android.widget.FrameLayout/android.support.v7.widget.RecyclerView/android.widget.LinearLayout[2]/android.widget.LinearLayout/android.widget.ImageView LC: 3 RC: 1
09-16 13:24:39.946  1952  1952 I NOID_SA_2:   CW: 6 WidgetInfo  ID: android:id/title  TX: When TalkBack is on, it provides spoken feedback so that you can use your device without looking at the screen. This can be helpful for people who are blind or have low vision.
09-16 13:24:39.946  1952  1952 I NOID_SA_2: 
09-16 13:24:39.946  1952  1952 I NOID_SA_2: To navigate using TalkBack:
09-16 13:24:39.946  1952  1952 I NOID_SA_2: • Swipe right or left to move between items
09-16 13:24:39.946  1952  1952 I NOID_SA_2: • Double-tap to activate an item
09-16 13:24:39.946  1952  1952 I NOID_SA_2: • Drag two fingers to scroll
09-16 13:24:39.946  1952  1952 I NOID_SA_2: 
09-16 13:24:39.946  1952  1952 I NOID_SA_2: To turn off TalkBack:
09-16 13:24:39.946  1952  1952 I NOID_SA_2: • Tap the switch. You’ll see a green outline. Double-tap the switch.
09-16 13:24:39.946  1952  1952 I NOID_SA_2: • On the confirmation message, tap OK. Then double-tap OK.  CL: android.widget.TextView  xpath: /android.widget.FrameLayout/android.widget.LinearLayout/android.widget.FrameLayout/android.support.v4.widget.DrawerLayout/android.widget.LinearLayout/android.widget.FrameLayout/android.widget.LinearLayout/android.widget.LinearLayout/android.widget.FrameLayout/android.widget.LinearLayout/android.widget.FrameLayout/android.support.v7.widget.RecyclerView/android.widget.LinearLayout[2]/android.widget.TextView LC: 3 RC: 0
09-16 13:24:39.946  1952  1952 I NOID_SA_2: CMD: start
09-16 13:24:39.946  1952  1952 I NOID_SA_2: Executing command 4 Masks [xpath, resourceId]
09-16 13:24:39.956  1952  1952 I NOID_SA_2: TalkBack Command state: 0, action: CLICK, actionExtra: , target: WidgetInfo  LocBy: (resourceId)  ID: com.c51:id/btn_left_action_src  CL: android.widget.ImageView  xpath: /android.widget.FrameLayout/android.widget.LinearLayout/android.widget.FrameLayout/android.widget.LinearLayout/android.widget.FrameLayout[1]/android.widget.FrameLayout/android.widget.FrameLayout[1]/android.widget.ImageView LC: 1 RC: 3.
09-16 13:24:39.956  1952  1952 I NOID_SA_2: -- Current Focused Nodeandroid.view.accessibility.AccessibilityNodeInfo@507be; boundsInParent: Rect(0, 0 - 147, 147); boundsInScreen: Rect(0, 63 - 147, 210); packageName: com.android.settings; className: android.widget.ImageButton; text: null; error: null; maxTextLength: -1; contentDescription: Navigate up; viewIdResName: null; checkable: false; checked: false; focusable: true; focused: false; selected: false; clickable: true; longClickable: false; contextClickable: false; enabled: true; password: false; scrollable: false; importantForAccessibility: true; actions: [AccessibilityAction: ACTION_FOCUS - null, AccessibilityAction: ACTION_SELECT - null, AccessibilityAction: ACTION_CLEAR_SELECTION - null, AccessibilityAction: ACTION_CLICK - null, AccessibilityAction: ACTION_CLEAR_ACCESSIBILITY_FOCUS - null, AccessibilityAction: ACTION_NEXT_AT_MOVEMENT_GRANULARITY - null, AccessibilityAction: ACTION_PREVIOUS_AT_MOVEMENT_GRANULARITY - null, AccessibilityAction: ACTION_SET_SELECTION - null, AccessibilityAction: ACTION_SHOW_ON_SCREEN - null]
09-16 13:24:39.956  1952  1952 I NOID_SA_2: --- Change to SEARCH
09-16 13:24:39.959  1952  1952 I NOID_SA_2: The target widget is not unique. 0
09-16 13:24:39.959  1952  1952 I NOID_SA_2: Command 4 is failed!
09-16 13:24:39.959  1952  1952 I NOID_SA_2: --------- Complete command start
09-16 13:24:41.967  1952  1952 I NOID_SA_2:   CW: 0 WidgetInfo  CD: Navigate up  CL: android.widget.ImageButton  xpath: /android.widget.FrameLayout/android.widget.LinearLayout/android.widget.FrameLayout/android.support.v4.widget.DrawerLayout/android.widget.LinearLayout/android.view.ViewGroup/android.widget.ImageButton LC: 0 RC: 3
09-16 13:24:41.967  1952  1952 I NOID_SA_2:   CW: 1 WidgetInfo  TX: TalkBack  CL: android.widget.TextView  xpath: /android.widget.FrameLayout/android.widget.LinearLayout/android.widget.FrameLayout/android.support.v4.widget.DrawerLayout/android.widget.LinearLayout/android.view.ViewGroup/android.widget.TextView LC: 1 RC: 3
09-16 13:24:41.967  1952  1952 I NOID_SA_2:   CW: 2 WidgetInfo  ID: com.android.settings:id/switch_text  TX: Off  CL: android.widget.TextView  xpath: /android.widget.FrameLayout/android.widget.LinearLayout/android.widget.FrameLayout/android.support.v4.widget.DrawerLayout/android.widget.LinearLayout/android.widget.FrameLayout/android.widget.LinearLayout/android.widget.LinearLayout/android.widget.Switch/android.widget.TextView LC: 2 RC: 3
09-16 13:24:41.968  1952  1952 I NOID_SA_2:   CW: 3 WidgetInfo  ID: com.android.settings:id/switch_widget  TX: OFF  CL: android.widget.Switch  xpath: /android.widget.FrameLayout/android.widget.LinearLayout/android.widget.FrameLayout/android.support.v4.widget.DrawerLayout/android.widget.LinearLayout/android.widget.FrameLayout/android.widget.LinearLayout/android.widget.LinearLayout/android.widget.Switch/android.widget.Switch LC: 3 RC: 3
09-16 13:24:41.969  1952  1952 I NOID_SA_2:   CW: 4 WidgetInfo  ID: android:id/title  TX: Settings  CL: android.widget.TextView  xpath: /android.widget.FrameLayout/android.widget.LinearLayout/android.widget.FrameLayout/android.support.v4.widget.DrawerLayout/android.widget.LinearLayout/android.widget.FrameLayout/android.widget.LinearLayout/android.widget.LinearLayout/android.widget.FrameLayout/android.widget.LinearLayout/android.widget.FrameLayout/android.support.v7.widget.RecyclerView/android.widget.LinearLayout[1]/android.widget.RelativeLayout/android.widget.TextView LC: 3 RC: 2
09-16 13:24:41.970  1952  1952 I NOID_SA_2:   CW: 5 WidgetInfo  ID: android:id/icon  CL: android.widget.ImageView  xpath: /android.widget.FrameLayout/android.widget.LinearLayout/android.widget.FrameLayout/android.support.v4.widget.DrawerLayout/android.widget.LinearLayout/android.widget.FrameLayout/android.widget.LinearLayout/android.widget.LinearLayout/android.widget.FrameLayout/android.widget.LinearLayout/android.widget.FrameLayout/android.support.v7.widget.RecyclerView/android.widget.LinearLayout[2]/android.widget.LinearLayout/android.widget.ImageView LC: 3 RC: 1
09-16 13:24:41.970  1952  1952 I NOID_SA_2:   CW: 6 WidgetInfo  ID: android:id/title  TX: When TalkBack is on, it provides spoken feedback so that you can use your device without looking at the screen. This can be helpful for people who are blind or have low vision.
09-16 13:24:41.970  1952  1952 I NOID_SA_2: 
09-16 13:24:41.970  1952  1952 I NOID_SA_2: To navigate using TalkBack:
09-16 13:24:41.970  1952  1952 I NOID_SA_2: • Swipe right or left to move between items
09-16 13:24:41.970  1952  1952 I NOID_SA_2: • Double-tap to activate an item
09-16 13:24:41.970  1952  1952 I NOID_SA_2: • Drag two fingers to scroll
09-16 13:24:41.970  1952  1952 I NOID_SA_2: 
09-16 13:24:41.970  1952  1952 I NOID_SA_2: To turn off TalkBack:
09-16 13:24:41.970  1952  1952 I NOID_SA_2: • Tap the switch. You’ll see a green outline. Double-tap the switch.
09-16 13:24:41.970  1952  1952 I NOID_SA_2: • On the confirmation message, tap OK. Then double-tap OK.  CL: android.widget.TextView  xpath: /android.widget.FrameLayout/android.widget.LinearLayout/android.widget.FrameLayout/android.support.v4.widget.DrawerLayout/android.widget.LinearLayout/android.widget.FrameLayout/android.widget.LinearLayout/android.widget.LinearLayout/android.widget.FrameLayout/android.widget.LinearLayout/android.widget.FrameLayout/android.support.v7.widget.RecyclerView/android.widget.LinearLayout[2]/android.widget.TextView LC: 3 RC: 0
09-16 13:24:41.970  1952  1952 I NOID_SA_2: CMD: start
09-16 13:24:41.970  1952  1952 I NOID_SA_2: ----------The test case is completed!---------
09-16 13:24:41.971  1952  1952 I NOID_SA_2: Path: /data/user/0/com.google.android.accessibility.talkback/files
09-16 13:24:41.971  1952  1952 I NOID_SA_2_RESULT:    CMD: 1 $ State: FAILED $ #Events: 0 $ Time: 3 $ A11yIssueCount: 0 $ WidgetIssue: false
09-16 13:24:41.972  1952  1952 I NOID_SA_2_RESULT:    CMD: 2 $ State: FAILED $ #Events: 0 $ Time: 5 $ A11yIssueCount: 0 $ WidgetIssue: false
09-16 13:24:41.972  1952  1952 I NOID_SA_2_RESULT:    CMD: 3 $ State: FAILED $ #Events: 0 $ Time: 4 $ A11yIssueCount: 0 $ WidgetIssue: false
09-16 13:24:41.972  1952  1952 I NOID_SA_2_RESULT:    CMD: 4 $ State: FAILED $ #Events: 0 $ Time: 3 $ A11yIssueCount: 0 $ WidgetIssue: false
09-16 13:24:41.972  1952  1952 I NOID_SA_2_RESULT: Result: false $ Steps: 4 $ 